[0.058s] colcon DEBUG Command line arguments: ['/usr/bin/colcon', 'list', '--base-paths', '/home/huahua/project/Unitree_gudie_ros2/src']
[0.058s] colcon DEBUG Parsed command line arguments: Namespace(log_base=None, log_level=None, verb_name='list', build_base='build', ignore_user_meta=False, metas=['./colcon.meta'], base_paths=['/home/huahua/project/Unitree_gudie_ros2/src'], packages_ignore=None, packages_ignore_regex=None, paths=None, packages_up_to=None, packages_up_to_regex=None, packages_above=None, packages_above_and_dependencies=None, packages_above_depth=None, packages_select_by_dep=None, packages_skip_by_dep=None, packages_skip_up_to=None, packages_select_build_failed=False, packages_skip_build_finished=False, packages_select_test_failures=False, packages_skip_test_passed=False, packages_select=None, packages_skip=None, packages_select_regex=None, packages_skip_regex=None, packages_start=None, packages_end=None, allow_overriding=[], topological_order=False, names_only=False, paths_only=False, topological_graph=False, topological_graph_dot=False, topological_graph_density=False, topological_graph_legend=False, topological_graph_dot_cluster=False, topological_graph_dot_include_skipped=False, verb_parser=<colcon_defaults.argument_parser.defaults.DefaultArgumentsDecorator object at 0x7a3111b39a20>, verb_extension=<colcon_package_information.verb.list.ListVerb object at 0x7a3111c1ad70>, main=<bound method ListVerb.main of <colcon_package_information.verb.list.ListVerb object at 0x7a3111c1ad70>>)
[0.084s] colcon.colcon_core.package_discovery Level 1 discover_packages(colcon_meta) check parameters
[0.084s] colcon.colcon_core.package_discovery Level 1 discover_packages(recursive) check parameters
[0.084s] colcon.colcon_core.package_discovery Level 1 discover_packages(ignore) check parameters
[0.084s] colcon.colcon_core.package_discovery Level 1 discover_packages(path) check parameters
[0.084s] colcon.colcon_core.package_discovery Level 1 discover_packages(recursive) discover
[0.084s] colcon.colcon_core.package_discovery INFO Crawling recursively for packages in '/home/huahua/project/Unitree_gudie_ros2/src'
[0.084s] colcon.colcon_core.package_identification Level 1 _identify(/home/huahua/project/Unitree_gudie_ros2/src) by extensions ['ignore', 'ignore_ament_install']
[0.084s] colcon.colcon_core.package_identification Level 1 _identify(/home/huahua/project/Unitree_gudie_ros2/src) by extension 'ignore'
[0.084s] colcon.colcon_core.package_identification Level 1 _identify(/home/huahua/project/Unitree_gudie_ros2/src) by extension 'ignore_ament_install'
[0.084s] colcon.colcon_core.package_identification Level 1 _identify(/home/huahua/project/Unitree_gudie_ros2/src) by extensions ['colcon_pkg']
[0.084s] colcon.colcon_core.package_identification Level 1 _identify(/home/huahua/project/Unitree_gudie_ros2/src) by extension 'colcon_pkg'
[0.084s] colcon.colcon_core.package_identification Level 1 _identify(/home/huahua/project/Unitree_gudie_ros2/src) by extensions ['colcon_meta']
[0.084s] colcon.colcon_core.package_identification Level 1 _identify(/home/huahua/project/Unitree_gudie_ros2/src) by extension 'colcon_meta'
[0.084s] colcon.colcon_core.package_identification Level 1 _identify(/home/huahua/project/Unitree_gudie_ros2/src) by extensions ['ros']
[0.084s] colcon.colcon_core.package_identification Level 1 _identify(/home/huahua/project/Unitree_gudie_ros2/src) by extension 'ros'
[0.095s] colcon.colcon_core.package_identification Level 1 _identify(/home/huahua/project/Unitree_gudie_ros2/src) by extensions ['cmake', 'python']
[0.095s] colcon.colcon_core.package_identification Level 1 _identify(/home/huahua/project/Unitree_gudie_ros2/src) by extension 'cmake'
[0.095s] colcon.colcon_core.package_identification Level 1 _identify(/home/huahua/project/Unitree_gudie_ros2/src) by extension 'python'
[0.095s] colcon.colcon_core.package_identification Level 1 _identify(/home/huahua/project/Unitree_gudie_ros2/src) by extensions ['python_setup_py']
[0.095s] colcon.colcon_core.package_identification Level 1 _identify(/home/huahua/project/Unitree_gudie_ros2/src) by extension 'python_setup_py'
[0.095s] colcon.colcon_core.package_identification Level 1 _identify(/home/huahua/project/Unitree_gudie_ros2/src/control_input_msgs) by extensions ['ignore', 'ignore_ament_install']
[0.095s] colcon.colcon_core.package_identification Level 1 _identify(/home/huahua/project/Unitree_gudie_ros2/src/control_input_msgs) by extension 'ignore'
[0.095s] colcon.colcon_core.package_identification Level 1 _identify(/home/huahua/project/Unitree_gudie_ros2/src/control_input_msgs) by extension 'ignore_ament_install'
[0.095s] colcon.colcon_core.package_identification Level 1 _identify(/home/huahua/project/Unitree_gudie_ros2/src/control_input_msgs) by extensions ['colcon_pkg']
[0.095s] colcon.colcon_core.package_identification Level 1 _identify(/home/huahua/project/Unitree_gudie_ros2/src/control_input_msgs) by extension 'colcon_pkg'
[0.095s] colcon.colcon_core.package_identification Level 1 _identify(/home/huahua/project/Unitree_gudie_ros2/src/control_input_msgs) by extensions ['colcon_meta']
[0.095s] colcon.colcon_core.package_identification Level 1 _identify(/home/huahua/project/Unitree_gudie_ros2/src/control_input_msgs) by extension 'colcon_meta'
[0.095s] colcon.colcon_core.package_identification Level 1 _identify(/home/huahua/project/Unitree_gudie_ros2/src/control_input_msgs) by extensions ['ros']
[0.095s] colcon.colcon_core.package_identification Level 1 _identify(/home/huahua/project/Unitree_gudie_ros2/src/control_input_msgs) by extension 'ros'
[0.097s] colcon.colcon_core.package_identification DEBUG Package '/home/huahua/project/Unitree_gudie_ros2/src/control_input_msgs' with type 'ros.ament_cmake' and name 'control_input_msgs'
[0.097s] colcon.colcon_core.package_identification Level 1 _identify(/home/huahua/project/Unitree_gudie_ros2/src/controller_common) by extensions ['ignore', 'ignore_ament_install']
[0.097s] colcon.colcon_core.package_identification Level 1 _identify(/home/huahua/project/Unitree_gudie_ros2/src/controller_common) by extension 'ignore'
[0.097s] colcon.colcon_core.package_identification Level 1 _identify(/home/huahua/project/Unitree_gudie_ros2/src/controller_common) by extension 'ignore_ament_install'
[0.097s] colcon.colcon_core.package_identification Level 1 _identify(/home/huahua/project/Unitree_gudie_ros2/src/controller_common) by extensions ['colcon_pkg']
[0.097s] colcon.colcon_core.package_identification Level 1 _identify(/home/huahua/project/Unitree_gudie_ros2/src/controller_common) by extension 'colcon_pkg'
[0.097s] colcon.colcon_core.package_identification Level 1 _identify(/home/huahua/project/Unitree_gudie_ros2/src/controller_common) by extensions ['colcon_meta']
[0.097s] colcon.colcon_core.package_identification Level 1 _identify(/home/huahua/project/Unitree_gudie_ros2/src/controller_common) by extension 'colcon_meta'
[0.097s] colcon.colcon_core.package_identification Level 1 _identify(/home/huahua/project/Unitree_gudie_ros2/src/controller_common) by extensions ['ros']
[0.097s] colcon.colcon_core.package_identification Level 1 _identify(/home/huahua/project/Unitree_gudie_ros2/src/controller_common) by extension 'ros'
[0.097s] colcon.colcon_core.package_identification DEBUG Package '/home/huahua/project/Unitree_gudie_ros2/src/controller_common' with type 'ros.ament_cmake' and name 'controller_common'
[0.097s] colcon.colcon_core.package_identification Level 1 _identify(/home/huahua/project/Unitree_gudie_ros2/src/go2_description) by extensions ['ignore', 'ignore_ament_install']
[0.097s] colcon.colcon_core.package_identification Level 1 _identify(/home/huahua/project/Unitree_gudie_ros2/src/go2_description) by extension 'ignore'
[0.097s] colcon.colcon_core.package_identification Level 1 _identify(/home/huahua/project/Unitree_gudie_ros2/src/go2_description) by extension 'ignore_ament_install'
[0.097s] colcon.colcon_core.package_identification Level 1 _identify(/home/huahua/project/Unitree_gudie_ros2/src/go2_description) by extensions ['colcon_pkg']
[0.097s] colcon.colcon_core.package_identification Level 1 _identify(/home/huahua/project/Unitree_gudie_ros2/src/go2_description) by extension 'colcon_pkg'
[0.097s] colcon.colcon_core.package_identification Level 1 _identify(/home/huahua/project/Unitree_gudie_ros2/src/go2_description) by extensions ['colcon_meta']
[0.097s] colcon.colcon_core.package_identification Level 1 _identify(/home/huahua/project/Unitree_gudie_ros2/src/go2_description) by extension 'colcon_meta'
[0.098s] colcon.colcon_core.package_identification Level 1 _identify(/home/huahua/project/Unitree_gudie_ros2/src/go2_description) by extensions ['ros']
[0.098s] colcon.colcon_core.package_identification Level 1 _identify(/home/huahua/project/Unitree_gudie_ros2/src/go2_description) by extension 'ros'
[0.098s] colcon.colcon_core.package_identification DEBUG Package '/home/huahua/project/Unitree_gudie_ros2/src/go2_description' with type 'ros.ament_cmake' and name 'go2_description'
[0.098s] colcon.colcon_core.package_identification Level 1 _identify(/home/huahua/project/Unitree_gudie_ros2/src/hardware_unitree_mujoco) by extensions ['ignore', 'ignore_ament_install']
[0.098s] colcon.colcon_core.package_identification Level 1 _identify(/home/huahua/project/Unitree_gudie_ros2/src/hardware_unitree_mujoco) by extension 'ignore'
[0.098s] colcon.colcon_core.package_identification Level 1 _identify(/home/huahua/project/Unitree_gudie_ros2/src/hardware_unitree_mujoco) by extension 'ignore_ament_install'
[0.098s] colcon.colcon_core.package_identification Level 1 _identify(/home/huahua/project/Unitree_gudie_ros2/src/hardware_unitree_mujoco) by extensions ['colcon_pkg']
[0.098s] colcon.colcon_core.package_identification Level 1 _identify(/home/huahua/project/Unitree_gudie_ros2/src/hardware_unitree_mujoco) by extension 'colcon_pkg'
[0.098s] colcon.colcon_core.package_identification Level 1 _identify(/home/huahua/project/Unitree_gudie_ros2/src/hardware_unitree_mujoco) by extensions ['colcon_meta']
[0.098s] colcon.colcon_core.package_identification Level 1 _identify(/home/huahua/project/Unitree_gudie_ros2/src/hardware_unitree_mujoco) by extension 'colcon_meta'
[0.098s] colcon.colcon_core.package_identification Level 1 _identify(/home/huahua/project/Unitree_gudie_ros2/src/hardware_unitree_mujoco) by extensions ['ros']
[0.098s] colcon.colcon_core.package_identification Level 1 _identify(/home/huahua/project/Unitree_gudie_ros2/src/hardware_unitree_mujoco) by extension 'ros'
[0.098s] colcon.colcon_core.package_identification DEBUG Package '/home/huahua/project/Unitree_gudie_ros2/src/hardware_unitree_mujoco' with type 'ros.ament_cmake' and name 'hardware_unitree_mujoco'
[0.099s] colcon.colcon_core.package_identification Level 1 _identify(/home/huahua/project/Unitree_gudie_ros2/src/log) by extensions ['ignore', 'ignore_ament_install']
[0.099s] colcon.colcon_core.package_identification Level 1 _identify(/home/huahua/project/Unitree_gudie_ros2/src/log) by extension 'ignore'
[0.099s] colcon.colcon_core.package_identification Level 1 _identify(/home/huahua/project/Unitree_gudie_ros2/src/log) ignored
[0.099s] colcon.colcon_core.package_identification Level 1 _identify(/home/huahua/project/Unitree_gudie_ros2/src/unitree_guide) by extensions ['ignore', 'ignore_ament_install']
[0.099s] colcon.colcon_core.package_identification Level 1 _identify(/home/huahua/project/Unitree_gudie_ros2/src/unitree_guide) by extension 'ignore'
[0.099s] colcon.colcon_core.package_identification Level 1 _identify(/home/huahua/project/Unitree_gudie_ros2/src/unitree_guide) by extension 'ignore_ament_install'
[0.099s] colcon.colcon_core.package_identification Level 1 _identify(/home/huahua/project/Unitree_gudie_ros2/src/unitree_guide) by extensions ['colcon_pkg']
[0.099s] colcon.colcon_core.package_identification Level 1 _identify(/home/huahua/project/Unitree_gudie_ros2/src/unitree_guide) by extension 'colcon_pkg'
[0.099s] colcon.colcon_core.package_identification Level 1 _identify(/home/huahua/project/Unitree_gudie_ros2/src/unitree_guide) by extensions ['colcon_meta']
[0.099s] colcon.colcon_core.package_identification Level 1 _identify(/home/huahua/project/Unitree_gudie_ros2/src/unitree_guide) by extension 'colcon_meta'
[0.099s] colcon.colcon_core.package_identification Level 1 _identify(/home/huahua/project/Unitree_gudie_ros2/src/unitree_guide) by extensions ['ros']
[0.099s] colcon.colcon_core.package_identification Level 1 _identify(/home/huahua/project/Unitree_gudie_ros2/src/unitree_guide) by extension 'ros'
[0.099s] colcon.colcon_core.package_identification DEBUG Package '/home/huahua/project/Unitree_gudie_ros2/src/unitree_guide' with type 'ros.ament_cmake' and name 'unitree_guide'
[0.099s] colcon.colcon_core.package_discovery Level 1 discover_packages(recursive) using defaults
