-- The C compiler identification is GNU 11.4.0
-- The CXX compiler identification is GNU 11.4.0
-- Detecting C compiler ABI info
-- Detecting C compiler ABI info - done
-- Check for working C compiler: /usr/bin/cc - skipped
-- Detecting C compile features
-- Detecting C compile features - done
-- Detecting CXX compiler ABI info
-- Detecting CXX compiler ABI info - done
-- Check for working CXX compiler: /usr/bin/c++ - skipped
-- Detecting CXX compile features
-- Detecting CXX compile features - done
-- Found ament_cmake: 1.3.12 (/opt/ros/humble/share/ament_cmake/cmake)
-- Found Python3: /usr/bin/python3 (found version "3.10.12") found components: Interpreter 
-- Found pluginlib: 5.1.2 (/opt/ros/humble/share/pluginlib/cmake)
-- Found controller_interface: 2.52.2 (/opt/ros/humble/share/controller_interface/cmake)
-- Found rosidl_generator_c: 3.1.7 (/opt/ros/humble/share/rosidl_generator_c/cmake)
-- Found rosidl_adapter: 3.1.7 (/opt/ros/humble/share/rosidl_adapter/cmake)
-- Found rosidl_generator_cpp: 3.1.7 (/opt/ros/humble/share/rosidl_generator_cpp/cmake)
-- Using all available rosidl_typesupport_c: rosidl_typesupport_fastrtps_c;rosidl_typesupport_introspection_c
-- Using all available rosidl_typesupport_cpp: rosidl_typesupport_fastrtps_cpp;rosidl_typesupport_introspection_cpp
-- Found rmw_implementation_cmake: 6.1.2 (/opt/ros/humble/share/rmw_implementation_cmake/cmake)
-- Found rmw_fastrtps_cpp: 6.2.10 (/opt/ros/humble/share/rmw_fastrtps_cpp/cmake)
-- Found TinyXML2 via Config file: TinyXML2_DIR-NOTFOUND
-- Found OpenSSL: /usr/lib/x86_64-linux-gnu/libcrypto.so (found version "3.0.2")  
-- Found TinyXML2 via Config file: TinyXML2_DIR-NOTFOUND
-- Found FastRTPS: /opt/ros/humble/include  
-- Found TinyXML2 via Config file: TinyXML2_DIR-NOTFOUND
-- Found TinyXML2 via Config file: TinyXML2_DIR-NOTFOUND
-- Using RMW implementation 'rmw_fastrtps_cpp' as default
-- Looking for pthread.h
-- Looking for pthread.h - found
-- Performing Test CMAKE_HAVE_LIBC_PTHREAD
-- Performing Test CMAKE_HAVE_LIBC_PTHREAD - Success
-- Found Threads: TRUE  
-- Found realtime_tools: 2.14.1 (/opt/ros/humble/share/realtime_tools/cmake)
-- Found control_input_msgs: 0.0.0 (/tmp/unitree_plotjuggler_install/share/control_input_msgs/cmake)
-- Found controller_common: 0.0.0 (/tmp/unitree_plotjuggler_install/share/controller_common/cmake)
-- Found kdl_parser: 2.6.4 (/opt/ros/humble/share/kdl_parser/cmake)
-- Found eigen3_cmake_module: 0.1.1 (/opt/ros/humble/share/eigen3_cmake_module/cmake)
-- Found Eigen3: TRUE (found version "3.4.0") 
-- Ensuring Eigen3 include directory is part of orocos-kdl CMake target
-- Found ament_lint_auto: 0.12.14 (/opt/ros/humble/share/ament_lint_auto/cmake)
-- Added test 'cppcheck' to perform static code analysis on C / C++ code
-- Configured cppcheck include dirs: $<BUILD_INTERFACE:/home/huahua/project/Unitree_gudie_ros2/src/unitree_guide/include>;$<BUILD_INTERFACE:/home/huahua/project/Unitree_gudie_ros2/src/unitree_guide/include/unitree_guide>;$<BUILD_INTERFACE:/home/huahua/project/Unitree_gudie_ros2/src/unitree_guide/include/unitree_guide/FSM>;$<BUILD_INTERFACE:/home/huahua/project/Unitree_gudie_ros2/src/unitree_guide/include/unitree_guide/common>;$<BUILD_INTERFACE:/home/huahua/project/Unitree_gudie_ros2/src/unitree_guide/include/unitree_guide/control>;$<BUILD_INTERFACE:/home/huahua/project/Unitree_gudie_ros2/src/unitree_guide/include/unitree_guide/gait>;$<BUILD_INTERFACE:/home/huahua/project/Unitree_gudie_ros2/src/unitree_guide/include/unitree_guide/robot>;/home/huahua/project/Unitree_gudie_ros2/src/unitree_guide/src
-- Configured cppcheck exclude dirs and/or files: 
-- Added test 'flake8' to check Python code syntax and style conventions
-- Added test 'lint_cmake' to check CMake code style
-- Added test 'pep257' to check Python code against some of the docstring style conventions in PEP 257
-- Added test 'uncrustify' to check C / C++ code style
-- Configured uncrustify additional arguments: 
-- Added test 'xmllint' to check XML markup files
-- Configuring done
-- Generating done
-- Build files have been written to: /tmp/unitree_plotjuggler_build/unitree_guide
[  5%] Building CXX object CMakeFiles/unitree_guide.dir/src/FSM/StateFixedStand.cpp.o
[ 11%] Building CXX object CMakeFiles/unitree_guide.dir/src/FSM/StateSwingTest.cpp.o
[ 23%] Building CXX object CMakeFiles/unitree_guide.dir/src/FSM/StateFreeStand.cpp.o
[ 29%] Building CXX object CMakeFiles/unitree_guide.dir/src/FSM/StateTrotting.cpp.o
[ 17%] Building CXX object CMakeFiles/unitree_guide.dir/src/UnitreeGuideController.cpp.o
[ 35%] Building CXX object CMakeFiles/unitree_guide.dir/src/control/BalanceCtrl.cpp.o
[ 47%] Building CXX object CMakeFiles/unitree_guide.dir/src/control/LowPassFilter.cpp.o
[ 47%] Building CXX object CMakeFiles/unitree_guide.dir/src/robot/QuadrupedRobot.cpp.o
[ 52%] Building CXX object CMakeFiles/unitree_guide.dir/src/robot/RobotLeg.cpp.o
[ 58%] Building CXX object CMakeFiles/unitree_guide.dir/src/quadProgpp/QuadProg++.cc.o
[ 64%] Building CXX object CMakeFiles/unitree_guide.dir/src/gait/WaveGenerator.cpp.o
[ 70%] Building CXX object CMakeFiles/unitree_guide.dir/src/control/Estimator.cpp.o
[ 76%] Building CXX object CMakeFiles/unitree_guide.dir/src/FSM/StateBalanceTest.cpp.o
[ 82%] Building CXX object CMakeFiles/unitree_guide.dir/src/gait/GaitGenerator.cpp.o
[ 94%] Building CXX object CMakeFiles/unitree_guide.dir/src/gait/FeetEndCalc.cpp.o
[ 94%] Building CXX object CMakeFiles/unitree_guide.dir/src/quadProgpp/Array.cc.o
In file included from /home/huahua/project/Unitree_gudie_ros2/src/unitree_guide/src/control/BalanceCtrl.cpp:9:
/home/huahua/project/Unitree_gudie_ros2/src/unitree_guide/include/unitree_guide/common/mathTools.h: In constructor ‘AvgCov::AvgCov(unsigned int, std::string, bool, unsigned int, unsigned int, double)’:
/home/huahua/project/Unitree_gudie_ros2/src/unitree_guide/include/unitree_guide/common/mathTools.h:281:17: warning: ‘AvgCov::_valueName’ will be initialized after [-Wreorder]
  281 |     std::string _valueName;
      |                 ^~~~~~~~~~
/home/huahua/project/Unitree_gudie_ros2/src/unitree_guide/include/unitree_guide/common/mathTools.h:275:10: warning:   ‘bool AvgCov::_avgOnly’ [-Wreorder]
  275 |     bool _avgOnly;
      |          ^~~~~~~~
In file included from /home/huahua/project/Unitree_gudie_ros2/src/unitree_guide/src/control/BalanceCtrl.cpp:9:
/home/huahua/project/Unitree_gudie_ros2/src/unitree_guide/include/unitree_guide/common/mathTools.h:249:5: warning:   when initialized here [-Wreorder]
  249 |     AvgCov(unsigned int size, std::string name, bool avgOnly=false, unsigned int showPeriod=1000, unsigned int waitCount=5000, double zoomFactor=10000)
      |     ^~~~~~
In file included from /home/huahua/project/Unitree_gudie_ros2/src/unitree_guide/src/control/Estimator.cpp:9:
/home/huahua/project/Unitree_gudie_ros2/src/unitree_guide/include/unitree_guide/common/mathTools.h: In constructor ‘AvgCov::AvgCov(unsigned int, std::string, bool, unsigned int, unsigned int, double)’:
/home/huahua/project/Unitree_gudie_ros2/src/unitree_guide/include/unitree_guide/common/mathTools.h:281:17: warning: ‘AvgCov::_valueName’ will be initialized after [-Wreorder]
  281 |     std::string _valueName;
      |                 ^~~~~~~~~~
/home/huahua/project/Unitree_gudie_ros2/src/unitree_guide/include/unitree_guide/common/mathTools.h:275:10: warning:   ‘bool AvgCov::_avgOnly’ [-Wreorder]
  275 |     bool _avgOnly;
      |          ^~~~~~~~
In file included from /home/huahua/project/Unitree_gudie_ros2/src/unitree_guide/src/control/Estimator.cpp:9:
/home/huahua/project/Unitree_gudie_ros2/src/unitree_guide/include/unitree_guide/common/mathTools.h:249:5: warning:   when initialized here [-Wreorder]
  249 |     AvgCov(unsigned int size, std::string name, bool avgOnly=false, unsigned int showPeriod=1000, unsigned int waitCount=5000, double zoomFactor=10000)
      |     ^~~~~~
In file included from /home/huahua/project/Unitree_gudie_ros2/src/unitree_guide/src/FSM/StateTrotting.cpp:9:
/home/huahua/project/Unitree_gudie_ros2/src/unitree_guide/include/unitree_guide/common/mathTools.h: In constructor ‘AvgCov::AvgCov(unsigned int, std::string, bool, unsigned int, unsigned int, double)’:
/home/huahua/project/Unitree_gudie_ros2/src/unitree_guide/include/unitree_guide/common/mathTools.h:281:17: warning: ‘AvgCov::_valueName’ will be initialized after [-Wreorder]
  281 |     std::string _valueName;
      |                 ^~~~~~~~~~
/home/huahua/project/Unitree_gudie_ros2/src/unitree_guide/include/unitree_guide/common/mathTools.h:275:10: warning:   ‘bool AvgCov::_avgOnly’ [-Wreorder]
  275 |     bool _avgOnly;
      |          ^~~~~~~~
In file included from /home/huahua/project/Unitree_gudie_ros2/src/unitree_guide/src/FSM/StateTrotting.cpp:9:
/home/huahua/project/Unitree_gudie_ros2/src/unitree_guide/include/unitree_guide/common/mathTools.h:249:5: warning:   when initialized here [-Wreorder]
  249 |     AvgCov(unsigned int size, std::string name, bool avgOnly=false, unsigned int showPeriod=1000, unsigned int waitCount=5000, double zoomFactor=10000)
      |     ^~~~~~
In file included from /home/huahua/project/Unitree_gudie_ros2/src/unitree_guide/src/FSM/StateSwingTest.cpp:10:
/home/huahua/project/Unitree_gudie_ros2/src/unitree_guide/include/unitree_guide/common/mathTools.h: In constructor ‘AvgCov::AvgCov(unsigned int, std::string, bool, unsigned int, unsigned int, double)’:
/home/huahua/project/Unitree_gudie_ros2/src/unitree_guide/include/unitree_guide/common/mathTools.h:281:17: warning: ‘AvgCov::_valueName’ will be initialized after [-Wreorder]
  281 |     std::string _valueName;
      |                 ^~~~~~~~~~
/home/huahua/project/Unitree_gudie_ros2/src/unitree_guide/include/unitree_guide/common/mathTools.h:275:10: warning:   ‘bool AvgCov::_avgOnly’ [-Wreorder]
  275 |     bool _avgOnly;
      |          ^~~~~~~~
In file included from /home/huahua/project/Unitree_gudie_ros2/src/unitree_guide/src/FSM/StateSwingTest.cpp:10:
/home/huahua/project/Unitree_gudie_ros2/src/unitree_guide/include/unitree_guide/common/mathTools.h:249:5: warning:   when initialized here [-Wreorder]
  249 |     AvgCov(unsigned int size, std::string name, bool avgOnly=false, unsigned int showPeriod=1000, unsigned int waitCount=5000, double zoomFactor=10000)
      |     ^~~~~~
In file included from /home/huahua/project/Unitree_gudie_ros2/src/unitree_guide/src/FSM/StateFreeStand.cpp:9:
/home/huahua/project/Unitree_gudie_ros2/src/unitree_guide/include/unitree_guide/common/mathTools.h: In constructor ‘AvgCov::AvgCov(unsigned int, std::string, bool, unsigned int, unsigned int, double)’:
/home/huahua/project/Unitree_gudie_ros2/src/unitree_guide/include/unitree_guide/common/mathTools.h:281:17: warning: ‘AvgCov::_valueName’ will be initialized after [-Wreorder]
  281 |     std::string _valueName;
      |                 ^~~~~~~~~~
/home/huahua/project/Unitree_gudie_ros2/src/unitree_guide/include/unitree_guide/common/mathTools.h:275:10: warning:   ‘bool AvgCov::_avgOnly’ [-Wreorder]
  275 |     bool _avgOnly;
      |          ^~~~~~~~
In file included from /home/huahua/project/Unitree_gudie_ros2/src/unitree_guide/src/FSM/StateFreeStand.cpp:9:
/home/huahua/project/Unitree_gudie_ros2/src/unitree_guide/include/unitree_guide/common/mathTools.h:249:5: warning:   when initialized here [-Wreorder]
  249 |     AvgCov(unsigned int size, std::string name, bool avgOnly=false, unsigned int showPeriod=1000, unsigned int waitCount=5000, double zoomFactor=10000)
      |     ^~~~~~
In file included from /home/huahua/project/Unitree_gudie_ros2/src/unitree_guide/src/FSM/StateBalanceTest.cpp:9:
/home/huahua/project/Unitree_gudie_ros2/src/unitree_guide/include/unitree_guide/common/mathTools.h: In constructor ‘AvgCov::AvgCov(unsigned int, std::string, bool, unsigned int, unsigned int, double)’:
/home/huahua/project/Unitree_gudie_ros2/src/unitree_guide/include/unitree_guide/common/mathTools.h:281:17: warning: ‘AvgCov::_valueName’ will be initialized after [-Wreorder]
  281 |     std::string _valueName;
      |                 ^~~~~~~~~~
/home/huahua/project/Unitree_gudie_ros2/src/unitree_guide/include/unitree_guide/common/mathTools.h:275:10: warning:   ‘bool AvgCov::_avgOnly’ [-Wreorder]
  275 |     bool _avgOnly;
      |          ^~~~~~~~
In file included from /home/huahua/project/Unitree_gudie_ros2/src/unitree_guide/src/FSM/StateBalanceTest.cpp:9:
/home/huahua/project/Unitree_gudie_ros2/src/unitree_guide/include/unitree_guide/common/mathTools.h:249:5: warning:   when initialized here [-Wreorder]
  249 |     AvgCov(unsigned int size, std::string name, bool avgOnly=false, unsigned int showPeriod=1000, unsigned int waitCount=5000, double zoomFactor=10000)
      |     ^~~~~~
[100%] Linking CXX shared library libunitree_guide.so
[100%] Built target unitree_guide
-- Install configuration: "Release"
-- Installing: /tmp/unitree_plotjuggler_install/share/unitree_guide/unitree_guide.xml
-- Installing: /tmp/unitree_plotjuggler_install/include/unitree_guide
-- Installing: /tmp/unitree_plotjuggler_install/include/unitree_guide/unitree_guide
-- Installing: /tmp/unitree_plotjuggler_install/include/unitree_guide/unitree_guide/CtrlInterfaces.h
-- Installing: /tmp/unitree_plotjuggler_install/include/unitree_guide/unitree_guide/control
-- Installing: /tmp/unitree_plotjuggler_install/include/unitree_guide/unitree_guide/control/LowPassFilter.h
-- Installing: /tmp/unitree_plotjuggler_install/include/unitree_guide/unitree_guide/control/CtrlComponent.h
-- Installing: /tmp/unitree_plotjuggler_install/include/unitree_guide/unitree_guide/control/BalanceCtrl.h
-- Installing: /tmp/unitree_plotjuggler_install/include/unitree_guide/unitree_guide/control/Estimator.h
-- Installing: /tmp/unitree_plotjuggler_install/include/unitree_guide/unitree_guide/robot
-- Installing: /tmp/unitree_plotjuggler_install/include/unitree_guide/unitree_guide/robot/RobotLeg.h
-- Installing: /tmp/unitree_plotjuggler_install/include/unitree_guide/unitree_guide/robot/QuadrupedRobot.h
-- Installing: /tmp/unitree_plotjuggler_install/include/unitree_guide/unitree_guide/UnitreeGuideController.h
-- Installing: /tmp/unitree_plotjuggler_install/include/unitree_guide/unitree_guide/common
-- Installing: /tmp/unitree_plotjuggler_install/include/unitree_guide/unitree_guide/common/mathTools.h
-- Installing: /tmp/unitree_plotjuggler_install/include/unitree_guide/unitree_guide/common/enumClass.h
-- Installing: /tmp/unitree_plotjuggler_install/include/unitree_guide/unitree_guide/common/DebugData.h
-- Installing: /tmp/unitree_plotjuggler_install/include/unitree_guide/unitree_guide/common/mathTypes.h
-- Installing: /tmp/unitree_plotjuggler_install/include/unitree_guide/unitree_guide/gait
-- Installing: /tmp/unitree_plotjuggler_install/include/unitree_guide/unitree_guide/gait/GaitGenerator.h
-- Installing: /tmp/unitree_plotjuggler_install/include/unitree_guide/unitree_guide/gait/FeetEndCalc.h
-- Installing: /tmp/unitree_plotjuggler_install/include/unitree_guide/unitree_guide/gait/WaveGenerator.h
-- Installing: /tmp/unitree_plotjuggler_install/include/unitree_guide/unitree_guide/FSM
-- Installing: /tmp/unitree_plotjuggler_install/include/unitree_guide/unitree_guide/FSM/StatePassive.h
-- Installing: /tmp/unitree_plotjuggler_install/include/unitree_guide/unitree_guide/FSM/StateFixedDown.h
-- Installing: /tmp/unitree_plotjuggler_install/include/unitree_guide/unitree_guide/FSM/BaseFixedStand.h
-- Installing: /tmp/unitree_plotjuggler_install/include/unitree_guide/unitree_guide/FSM/FSMState.h
-- Installing: /tmp/unitree_plotjuggler_install/include/unitree_guide/unitree_guide/FSM/StateSwingTest.h
-- Installing: /tmp/unitree_plotjuggler_install/include/unitree_guide/unitree_guide/FSM/StateFreeStand.h
-- Installing: /tmp/unitree_plotjuggler_install/include/unitree_guide/unitree_guide/FSM/StateTrotting.h
-- Installing: /tmp/unitree_plotjuggler_install/include/unitree_guide/unitree_guide/FSM/StateBalanceTest.h
-- Installing: /tmp/unitree_plotjuggler_install/include/unitree_guide/unitree_guide/FSM/StateFixedStand.h
-- Installing: /tmp/unitree_plotjuggler_install/lib/unitree_guide/libunitree_guide.so
-- Set runtime path of "/tmp/unitree_plotjuggler_install/lib/unitree_guide/libunitree_guide.so" to ""
-- Installing: /tmp/unitree_plotjuggler_install/share/unitree_guide//launch
-- Installing: /tmp/unitree_plotjuggler_install/share/unitree_guide//launch/mujoco.launch.py
-- Installing: /tmp/unitree_plotjuggler_install/share/unitree_guide//launch/plotjuggler_debug.launch.py
-- Installing: /tmp/unitree_plotjuggler_install/share/unitree_guide//launch/__pycache__
-- Installing: /tmp/unitree_plotjuggler_install/share/unitree_guide//launch/__pycache__/plotjuggler_debug.launch.cpython-310.pyc
-- Installing: /tmp/unitree_plotjuggler_install/share/unitree_guide//launch/__pycache__/mujoco.launch.cpython-310.pyc
-- Installing: /tmp/unitree_plotjuggler_install/share/unitree_guide//config
-- Installing: /tmp/unitree_plotjuggler_install/share/unitree_guide//config/plotjuggler_trotting_yaw_debug_topics.md
-- Installing: /tmp/unitree_plotjuggler_install/share/unitree_guide/environment/library_path.sh
-- Installing: /tmp/unitree_plotjuggler_install/share/unitree_guide/environment/library_path.dsv
-- Installing: /tmp/unitree_plotjuggler_install/share/ament_index/resource_index/package_run_dependencies/unitree_guide
-- Installing: /tmp/unitree_plotjuggler_install/share/ament_index/resource_index/parent_prefix_path/unitree_guide
-- Installing: /tmp/unitree_plotjuggler_install/share/unitree_guide/environment/ament_prefix_path.sh
-- Installing: /tmp/unitree_plotjuggler_install/share/unitree_guide/environment/ament_prefix_path.dsv
-- Installing: /tmp/unitree_plotjuggler_install/share/unitree_guide/environment/path.sh
-- Installing: /tmp/unitree_plotjuggler_install/share/unitree_guide/environment/path.dsv
-- Installing: /tmp/unitree_plotjuggler_install/share/unitree_guide/local_setup.bash
-- Installing: /tmp/unitree_plotjuggler_install/share/unitree_guide/local_setup.sh
-- Installing: /tmp/unitree_plotjuggler_install/share/unitree_guide/local_setup.zsh
-- Installing: /tmp/unitree_plotjuggler_install/share/unitree_guide/local_setup.dsv
-- Installing: /tmp/unitree_plotjuggler_install/share/unitree_guide/package.dsv
-- Installing: /tmp/unitree_plotjuggler_install/share/ament_index/resource_index/packages/unitree_guide
-- Installing: /tmp/unitree_plotjuggler_install/share/ament_index/resource_index/controller_interface__pluginlib__plugin/unitree_guide
-- Installing: /tmp/unitree_plotjuggler_install/share/unitree_guide/cmake/export_unitree_guideExport.cmake
-- Installing: /tmp/unitree_plotjuggler_install/share/unitree_guide/cmake/export_unitree_guideExport-release.cmake
-- Installing: /tmp/unitree_plotjuggler_install/share/unitree_guide/cmake/ament_cmake_export_dependencies-extras.cmake
-- Installing: /tmp/unitree_plotjuggler_install/share/unitree_guide/cmake/ament_cmake_export_targets-extras.cmake
-- Installing: /tmp/unitree_plotjuggler_install/share/unitree_guide/cmake/unitree_guideConfig.cmake
-- Installing: /tmp/unitree_plotjuggler_install/share/unitree_guide/cmake/unitree_guideConfig-version.cmake
-- Installing: /tmp/unitree_plotjuggler_install/share/unitree_guide/package.xml
