-- The C compiler identification is GNU 11.4.0
-- The CXX compiler identification is GNU 11.4.0
-- Detecting C compiler ABI info
-- Detecting C compiler ABI info - done
-- Check for working C compiler: /usr/bin/cc - skipped
-- Detecting C compile features
-- Detecting C compile features - done
-- Detecting CXX compiler ABI info
-- Detecting CXX compiler ABI info - done
-- Check for working CXX compiler: /usr/bin/c++ - skipped
-- Detecting CXX compile features
-- Detecting CXX compile features - done
-- Found ament_cmake: 1.3.12 (/opt/ros/humble/share/ament_cmake/cmake)
-- Found Python3: /usr/bin/python3 (found version "3.10.12") found components: Interpreter 
-- Found hardware_interface: 2.52.2 (/opt/ros/humble/share/hardware_interface/cmake)
-- Found rosidl_generator_c: 3.1.7 (/opt/ros/humble/share/rosidl_generator_c/cmake)
-- Found rosidl_adapter: 3.1.7 (/opt/ros/humble/share/rosidl_adapter/cmake)
-- Found rosidl_generator_cpp: 3.1.7 (/opt/ros/humble/share/rosidl_generator_cpp/cmake)
-- Using all available rosidl_typesupport_c: rosidl_typesupport_fastrtps_c;rosidl_typesupport_introspection_c
-- Using all available rosidl_typesupport_cpp: rosidl_typesupport_fastrtps_cpp;rosidl_typesupport_introspection_cpp
-- Found rmw_implementation_cmake: 6.1.2 (/opt/ros/humble/share/rmw_implementation_cmake/cmake)
-- Found rmw_fastrtps_cpp: 6.2.10 (/opt/ros/humble/share/rmw_fastrtps_cpp/cmake)
-- Found TinyXML2 via Config file: TinyXML2_DIR-NOTFOUND
-- Found OpenSSL: /usr/lib/x86_64-linux-gnu/libcrypto.so (found version "3.0.2")  
-- Found TinyXML2 via Config file: TinyXML2_DIR-NOTFOUND
-- Found FastRTPS: /opt/ros/humble/include  
-- Found TinyXML2 via Config file: TinyXML2_DIR-NOTFOUND
-- Found TinyXML2 via Config file: TinyXML2_DIR-NOTFOUND
-- Using RMW implementation 'rmw_fastrtps_cpp' as default
-- Looking for pthread.h
-- Looking for pthread.h - found
-- Performing Test CMAKE_HAVE_LIBC_PTHREAD
-- Performing Test CMAKE_HAVE_LIBC_PTHREAD - Success
-- Found Threads: TRUE  
-- Found control_input_msgs: 0.0.0 (/tmp/unitree_plotjuggler_install/share/control_input_msgs/cmake)
-- Configuring done
-- Generating done
-- Build files have been written to: /tmp/unitree_plotjuggler_build/controller_common
[ 25%] Building CXX object CMakeFiles/controller_common.dir/src/FSM/BaseFixedStand.cpp.o
[ 75%] Building CXX object CMakeFiles/controller_common.dir/src/FSM/StatePassive.cpp.o
[ 75%] Building CXX object CMakeFiles/controller_common.dir/src/FSM/StateFixedDown.cpp.o
[100%] Linking CXX shared library libcontroller_common.so
[100%] Built target controller_common
-- Install configuration: "Release"
-- Installing: /tmp/unitree_plotjuggler_install/include/controller_common
-- Installing: /tmp/unitree_plotjuggler_install/include/controller_common/controller_common
-- Installing: /tmp/unitree_plotjuggler_install/include/controller_common/controller_common/CtrlInterfaces.h
-- Installing: /tmp/unitree_plotjuggler_install/include/controller_common/controller_common/common
-- Installing: /tmp/unitree_plotjuggler_install/include/controller_common/controller_common/common/mathTools.h
-- Installing: /tmp/unitree_plotjuggler_install/include/controller_common/controller_common/common/enumClass.h
-- Installing: /tmp/unitree_plotjuggler_install/include/controller_common/controller_common/common/mathTypes.h
-- Installing: /tmp/unitree_plotjuggler_install/include/controller_common/controller_common/FSM
-- Installing: /tmp/unitree_plotjuggler_install/include/controller_common/controller_common/FSM/StatePassive.h
-- Installing: /tmp/unitree_plotjuggler_install/include/controller_common/controller_common/FSM/StateFixedDown.h
-- Installing: /tmp/unitree_plotjuggler_install/include/controller_common/controller_common/FSM/BaseFixedStand.h
-- Installing: /tmp/unitree_plotjuggler_install/include/controller_common/controller_common/FSM/FSMState.h
-- Installing: /tmp/unitree_plotjuggler_install/lib/libcontroller_common.so
-- Set runtime path of "/tmp/unitree_plotjuggler_install/lib/libcontroller_common.so" to ""
-- Installing: /tmp/unitree_plotjuggler_install/share/controller_common/environment/library_path.sh
-- Installing: /tmp/unitree_plotjuggler_install/share/controller_common/environment/library_path.dsv
-- Installing: /tmp/unitree_plotjuggler_install/share/ament_index/resource_index/package_run_dependencies/controller_common
-- Installing: /tmp/unitree_plotjuggler_install/share/ament_index/resource_index/parent_prefix_path/controller_common
-- Installing: /tmp/unitree_plotjuggler_install/share/controller_common/environment/ament_prefix_path.sh
-- Installing: /tmp/unitree_plotjuggler_install/share/controller_common/environment/ament_prefix_path.dsv
-- Installing: /tmp/unitree_plotjuggler_install/share/controller_common/environment/path.sh
-- Installing: /tmp/unitree_plotjuggler_install/share/controller_common/environment/path.dsv
-- Installing: /tmp/unitree_plotjuggler_install/share/controller_common/local_setup.bash
-- Installing: /tmp/unitree_plotjuggler_install/share/controller_common/local_setup.sh
-- Installing: /tmp/unitree_plotjuggler_install/share/controller_common/local_setup.zsh
-- Installing: /tmp/unitree_plotjuggler_install/share/controller_common/local_setup.dsv
-- Installing: /tmp/unitree_plotjuggler_install/share/controller_common/package.dsv
-- Installing: /tmp/unitree_plotjuggler_install/share/ament_index/resource_index/packages/controller_common
-- Installing: /tmp/unitree_plotjuggler_install/share/controller_common/cmake/export_controller_commonExport.cmake
-- Installing: /tmp/unitree_plotjuggler_install/share/controller_common/cmake/export_controller_commonExport-release.cmake
-- Installing: /tmp/unitree_plotjuggler_install/share/controller_common/cmake/ament_cmake_export_targets-extras.cmake
-- Installing: /tmp/unitree_plotjuggler_install/share/controller_common/cmake/controller_commonConfig.cmake
-- Installing: /tmp/unitree_plotjuggler_install/share/controller_common/cmake/controller_commonConfig-version.cmake
-- Installing: /tmp/unitree_plotjuggler_install/share/controller_common/package.xml
