[0.006s] Invoking command in '/tmp/unitree_plotjuggler_build/control_input_msgs': CMAKE_PREFIX_PATH=${CMAKE_PREFIX_PATH}:/opt/ros/humble /usr/bin/cmake /home/huahua/project/Unitree_gudie_ros2/src/control_input_msgs -DCMAKE_INSTALL_PREFIX=/tmp/unitree_plotjuggler_install
[0.044s] -- The C compiler identification is GNU 11.4.0
[0.091s] -- The CXX compiler identification is GNU 11.4.0
[0.096s] -- Detecting C compiler ABI info
[0.148s] -- Detecting C compiler ABI info - done
[0.152s] -- Check for working C compiler: /usr/bin/cc - skipped
[0.152s] -- Detecting C compile features
[0.152s] -- Detecting C compile features - done
[0.154s] -- Detecting CXX compiler ABI info
[0.215s] -- Detecting CXX compiler ABI info - done
[0.219s] -- Check for working CXX compiler: /usr/bin/c++ - skipped
[0.219s] -- Detecting CXX compile features
[0.219s] -- Detecting CXX compile features - done
[0.221s] -- Found rosidl_default_generators: 1.2.0 (/opt/ros/humble/share/rosidl_default_generators/cmake)
[0.223s] -- Found ament_cmake_core: 1.3.12 (/opt/ros/humble/share/ament_cmake_core/cmake)
[0.470s] -- Found Python3: /usr/bin/python3 (found version "3.10.12") found components: Interpreter 
[0.514s] -- Using all available rosidl_typesupport_c: rosidl_typesupport_fastrtps_c;rosidl_typesupport_introspection_c
[0.520s] -- Found rosidl_adapter: 3.1.7 (/opt/ros/humble/share/rosidl_adapter/cmake)
[0.571s] -- Using all available rosidl_typesupport_cpp: rosidl_typesupport_fastrtps_cpp;rosidl_typesupport_introspection_cpp
[0.755s] -- Found ament_cmake_ros: 0.10.0 (/opt/ros/humble/share/ament_cmake_ros/cmake)
[0.889s] -- Using all available rosidl_typesupport_c: rosidl_typesupport_fastrtps_c;rosidl_typesupport_introspection_c
[1.062s] -- Using all available rosidl_typesupport_cpp: rosidl_typesupport_fastrtps_cpp;rosidl_typesupport_introspection_cpp
[1.080s] -- Found PythonInterp: /usr/bin/python3 (found suitable version "3.10.12", minimum required is "3.6") 
[1.081s] -- Found python_cmake_module: 0.10.0 (/opt/ros/humble/share/python_cmake_module/cmake)
[1.098s] -- Found PythonLibs: /usr/lib/x86_64-linux-gnu/libpython3.10.so (found suitable version "3.10.12", minimum required is "3.5") 
[1.098s] -- Using PYTHON_EXECUTABLE: /usr/bin/python3
[1.098s] -- Using PYTHON_INCLUDE_DIRS: /usr/include/python3.10
[1.098s] -- Using PYTHON_LIBRARIES: /usr/lib/x86_64-linux-gnu/libpython3.10.so
[1.116s] -- Found PythonExtra: .so  
[1.139s] -- Configuring done
[1.152s] -- Generating done
[1.158s] -- Build files have been written to: /tmp/unitree_plotjuggler_build/control_input_msgs
[1.163s] Invoked command in '/tmp/unitree_plotjuggler_build/control_input_msgs' returned '0': CMAKE_PREFIX_PATH=${CMAKE_PREFIX_PATH}:/opt/ros/humble /usr/bin/cmake /home/huahua/project/Unitree_gudie_ros2/src/control_input_msgs -DCMAKE_INSTALL_PREFIX=/tmp/unitree_plotjuggler_install
[1.164s] Invoking command in '/tmp/unitree_plotjuggler_build/control_input_msgs': CMAKE_PREFIX_PATH=${CMAKE_PREFIX_PATH}:/opt/ros/humble /usr/bin/cmake --build /tmp/unitree_plotjuggler_build/control_input_msgs -- -j20 -l20
[1.203s] [  3%] Generating C code for ROS interfaces
[1.210s] [  6%] Generating C++ code for ROS interfaces
[1.222s] [  6%] Built target ament_cmake_python_copy_control_input_msgs
[1.363s] [  6%] Built target control_input_msgs__cpp
[1.364s] running egg_info
[1.370s] [  9%] Generating C++ type support for eProsima Fast-RTPS
[1.370s] [ 12%] Building C object CMakeFiles/control_input_msgs__rosidl_generator_c.dir/rosidl_generator_c/control_input_msgs/msg/detail/inputs__functions.c.o
[1.372s] [ 19%] Generating C++ introspection for ROS interfaces
[1.372s] [ 19%] Generating C++ type support dispatch for ROS interfaces
[1.374s] creating control_input_msgs.egg-info
[1.374s] writing control_input_msgs.egg-info/PKG-INFO
[1.375s] writing dependency_links to control_input_msgs.egg-info/dependency_links.txt
[1.375s] writing top-level names to control_input_msgs.egg-info/top_level.txt
[1.375s] writing manifest file 'control_input_msgs.egg-info/SOURCES.txt'
[1.407s] reading manifest file 'control_input_msgs.egg-info/SOURCES.txt'
[1.407s] writing manifest file 'control_input_msgs.egg-info/SOURCES.txt'
[1.428s] [ 22%] Linking C shared library libcontrol_input_msgs__rosidl_generator_c.so
[1.428s] [ 22%] Built target ament_cmake_python_build_control_input_msgs_egg
[1.456s] [ 22%] Built target control_input_msgs__rosidl_generator_c
[1.464s] [ 25%] Generating C introspection for ROS interfaces
[1.465s] [ 32%] Generating C type support for eProsima Fast-RTPS
[1.465s] [ 32%] Generating C type support dispatch for ROS interfaces
[1.514s] [ 35%] Building CXX object CMakeFiles/control_input_msgs__rosidl_typesupport_cpp.dir/rosidl_typesupport_cpp/control_input_msgs/msg/inputs__type_support.cpp.o
[1.522s] [ 38%] Building CXX object CMakeFiles/control_input_msgs__rosidl_typesupport_fastrtps_cpp.dir/rosidl_typesupport_fastrtps_cpp/control_input_msgs/msg/detail/dds_fastrtps/inputs__type_support.cpp.o
[1.528s] [ 41%] Building CXX object CMakeFiles/control_input_msgs__rosidl_typesupport_introspection_cpp.dir/rosidl_typesupport_introspection_cpp/control_input_msgs/msg/detail/inputs__type_support.cpp.o
[1.617s] [ 45%] Building CXX object CMakeFiles/control_input_msgs__rosidl_typesupport_c.dir/rosidl_typesupport_c/control_input_msgs/msg/inputs__type_support.cpp.o
[1.619s] [ 48%] Building C object CMakeFiles/control_input_msgs__rosidl_typesupport_introspection_c.dir/rosidl_typesupport_introspection_c/control_input_msgs/msg/detail/inputs__type_support.c.o
[1.625s] [ 51%] Building CXX object CMakeFiles/control_input_msgs__rosidl_typesupport_fastrtps_c.dir/rosidl_typesupport_fastrtps_c/control_input_msgs/msg/detail/inputs__type_support_c.cpp.o
[1.643s] [ 54%] Linking CXX shared library libcontrol_input_msgs__rosidl_typesupport_c.so
[1.649s] [ 58%] Linking C shared library libcontrol_input_msgs__rosidl_typesupport_introspection_c.so
[1.661s] [ 61%] Linking CXX shared library libcontrol_input_msgs__rosidl_typesupport_cpp.so
[1.676s] [ 61%] Built target control_input_msgs__rosidl_typesupport_introspection_c
[1.679s] [ 61%] Built target control_input_msgs__rosidl_typesupport_c
[1.692s] [ 61%] Built target control_input_msgs__rosidl_typesupport_cpp
[1.735s] [ 64%] Linking CXX shared library libcontrol_input_msgs__rosidl_typesupport_fastrtps_cpp.so
[1.767s] [ 67%] Linking CXX shared library libcontrol_input_msgs__rosidl_typesupport_introspection_cpp.so
[1.785s] [ 67%] Built target control_input_msgs__rosidl_typesupport_fastrtps_cpp
[1.798s] [ 67%] Built target control_input_msgs__rosidl_typesupport_introspection_cpp
[1.808s] [ 70%] Linking CXX shared library libcontrol_input_msgs__rosidl_typesupport_fastrtps_c.so
[1.860s] [ 70%] Built target control_input_msgs__rosidl_typesupport_fastrtps_c
[1.875s] [ 70%] Built target control_input_msgs
[1.889s] [ 74%] Generating Python code for ROS interfaces
[2.067s] [ 74%] Built target control_input_msgs__py
[2.081s] [ 77%] Building C object CMakeFiles/control_input_msgs__rosidl_generator_py.dir/rosidl_generator_py/control_input_msgs/msg/_inputs_s.c.o
[2.139s] [ 80%] Linking C shared library rosidl_generator_py/control_input_msgs/libcontrol_input_msgs__rosidl_generator_py.so
[2.173s] [ 80%] Built target control_input_msgs__rosidl_generator_py
[2.189s] [ 87%] Building C object CMakeFiles/control_input_msgs__rosidl_typesupport_c__pyext.dir/rosidl_generator_py/control_input_msgs/_control_input_msgs_s.ep.rosidl_typesupport_c.c.o
[2.189s] [ 87%] Building C object CMakeFiles/control_input_msgs__rosidl_typesupport_fastrtps_c__pyext.dir/rosidl_generator_py/control_input_msgs/_control_input_msgs_s.ep.rosidl_typesupport_fastrtps_c.c.o
[2.189s] [ 90%] Building C object CMakeFiles/control_input_msgs__rosidl_typesupport_introspection_c__pyext.dir/rosidl_generator_py/control_input_msgs/_control_input_msgs_s.ep.rosidl_typesupport_introspection_c.c.o
[2.241s] [ 93%] Linking C shared library rosidl_generator_py/control_input_msgs/control_input_msgs_s__rosidl_typesupport_fastrtps_c.cpython-310-x86_64-linux-gnu.so
[2.242s] [ 96%] Linking C shared library rosidl_generator_py/control_input_msgs/control_input_msgs_s__rosidl_typesupport_c.cpython-310-x86_64-linux-gnu.so
[2.266s] [ 96%] Built target control_input_msgs__rosidl_typesupport_c__pyext
[2.267s] [ 96%] Built target control_input_msgs__rosidl_typesupport_fastrtps_c__pyext
[2.269s] [100%] Linking C shared library rosidl_generator_py/control_input_msgs/control_input_msgs_s__rosidl_typesupport_introspection_c.cpython-310-x86_64-linux-gnu.so
[2.294s] [100%] Built target control_input_msgs__rosidl_typesupport_introspection_c__pyext
[2.302s] Invoked command in '/tmp/unitree_plotjuggler_build/control_input_msgs' returned '0': CMAKE_PREFIX_PATH=${CMAKE_PREFIX_PATH}:/opt/ros/humble /usr/bin/cmake --build /tmp/unitree_plotjuggler_build/control_input_msgs -- -j20 -l20
[2.310s] Invoking command in '/tmp/unitree_plotjuggler_build/control_input_msgs': CMAKE_PREFIX_PATH=${CMAKE_PREFIX_PATH}:/opt/ros/humble /usr/bin/cmake --install /tmp/unitree_plotjuggler_build/control_input_msgs
[2.317s] -- Install configuration: ""
[2.317s] -- Installing: /tmp/unitree_plotjuggler_install/share/ament_index/resource_index/rosidl_interfaces/control_input_msgs
[2.317s] -- Installing: /tmp/unitree_plotjuggler_install/include/control_input_msgs/control_input_msgs
[2.317s] -- Installing: /tmp/unitree_plotjuggler_install/include/control_input_msgs/control_input_msgs/msg
[2.318s] -- Installing: /tmp/unitree_plotjuggler_install/include/control_input_msgs/control_input_msgs/msg/detail
[2.318s] -- Installing: /tmp/unitree_plotjuggler_install/include/control_input_msgs/control_input_msgs/msg/detail/inputs__functions.c
[2.318s] -- Installing: /tmp/unitree_plotjuggler_install/include/control_input_msgs/control_input_msgs/msg/detail/inputs__functions.h
[2.318s] -- Installing: /tmp/unitree_plotjuggler_install/include/control_input_msgs/control_input_msgs/msg/detail/inputs__struct.h
[2.318s] -- Installing: /tmp/unitree_plotjuggler_install/include/control_input_msgs/control_input_msgs/msg/detail/inputs__type_support.h
[2.318s] -- Installing: /tmp/unitree_plotjuggler_install/include/control_input_msgs/control_input_msgs/msg/inputs.h
[2.318s] -- Installing: /tmp/unitree_plotjuggler_install/include/control_input_msgs/control_input_msgs/msg/rosidl_generator_c__visibility_control.h
[2.318s] -- Installing: /tmp/unitree_plotjuggler_install/share/control_input_msgs/environment/library_path.sh
[2.318s] -- Installing: /tmp/unitree_plotjuggler_install/share/control_input_msgs/environment/library_path.dsv
[2.319s] -- Installing: /tmp/unitree_plotjuggler_install/lib/libcontrol_input_msgs__rosidl_generator_c.so
[2.319s] -- Set runtime path of "/tmp/unitree_plotjuggler_install/lib/libcontrol_input_msgs__rosidl_generator_c.so" to ""
[2.319s] -- Up-to-date: /tmp/unitree_plotjuggler_install/include/control_input_msgs/control_input_msgs
[2.319s] -- Up-to-date: /tmp/unitree_plotjuggler_install/include/control_input_msgs/control_input_msgs/msg
[2.319s] -- Installing: /tmp/unitree_plotjuggler_install/include/control_input_msgs/control_input_msgs/msg/rosidl_typesupport_fastrtps_c__visibility_control.h
[2.319s] -- Up-to-date: /tmp/unitree_plotjuggler_install/include/control_input_msgs/control_input_msgs/msg/detail
[2.319s] -- Installing: /tmp/unitree_plotjuggler_install/include/control_input_msgs/control_input_msgs/msg/detail/inputs__rosidl_typesupport_fastrtps_c.h
[2.319s] -- Installing: /tmp/unitree_plotjuggler_install/lib/libcontrol_input_msgs__rosidl_typesupport_fastrtps_c.so
[2.319s] -- Set runtime path of "/tmp/unitree_plotjuggler_install/lib/libcontrol_input_msgs__rosidl_typesupport_fastrtps_c.so" to ""
[2.320s] -- Up-to-date: /tmp/unitree_plotjuggler_install/include/control_input_msgs/control_input_msgs
[2.320s] -- Up-to-date: /tmp/unitree_plotjuggler_install/include/control_input_msgs/control_input_msgs/msg
[2.320s] -- Installing: /tmp/unitree_plotjuggler_install/include/control_input_msgs/control_input_msgs/msg/rosidl_typesupport_introspection_c__visibility_control.h
[2.320s] -- Up-to-date: /tmp/unitree_plotjuggler_install/include/control_input_msgs/control_input_msgs/msg/detail
[2.320s] -- Installing: /tmp/unitree_plotjuggler_install/include/control_input_msgs/control_input_msgs/msg/detail/inputs__rosidl_typesupport_introspection_c.h
[2.320s] -- Installing: /tmp/unitree_plotjuggler_install/include/control_input_msgs/control_input_msgs/msg/detail/inputs__type_support.c
[2.320s] -- Installing: /tmp/unitree_plotjuggler_install/lib/libcontrol_input_msgs__rosidl_typesupport_introspection_c.so
[2.320s] -- Set runtime path of "/tmp/unitree_plotjuggler_install/lib/libcontrol_input_msgs__rosidl_typesupport_introspection_c.so" to ""
[2.320s] -- Installing: /tmp/unitree_plotjuggler_install/lib/libcontrol_input_msgs__rosidl_typesupport_c.so
[2.320s] -- Set runtime path of "/tmp/unitree_plotjuggler_install/lib/libcontrol_input_msgs__rosidl_typesupport_c.so" to ""
[2.320s] -- Up-to-date: /tmp/unitree_plotjuggler_install/include/control_input_msgs/control_input_msgs
[2.320s] -- Up-to-date: /tmp/unitree_plotjuggler_install/include/control_input_msgs/control_input_msgs/msg
[2.320s] -- Installing: /tmp/unitree_plotjuggler_install/include/control_input_msgs/control_input_msgs/msg/inputs.hpp
[2.320s] -- Up-to-date: /tmp/unitree_plotjuggler_install/include/control_input_msgs/control_input_msgs/msg/detail
[2.320s] -- Installing: /tmp/unitree_plotjuggler_install/include/control_input_msgs/control_input_msgs/msg/detail/inputs__traits.hpp
[2.320s] -- Installing: /tmp/unitree_plotjuggler_install/include/control_input_msgs/control_input_msgs/msg/detail/inputs__struct.hpp
[2.320s] -- Installing: /tmp/unitree_plotjuggler_install/include/control_input_msgs/control_input_msgs/msg/detail/inputs__type_support.hpp
[2.320s] -- Installing: /tmp/unitree_plotjuggler_install/include/control_input_msgs/control_input_msgs/msg/detail/inputs__builder.hpp
[2.320s] -- Installing: /tmp/unitree_plotjuggler_install/include/control_input_msgs/control_input_msgs/msg/rosidl_generator_cpp__visibility_control.hpp
[2.320s] -- Up-to-date: /tmp/unitree_plotjuggler_install/include/control_input_msgs/control_input_msgs
[2.320s] -- Up-to-date: /tmp/unitree_plotjuggler_install/include/control_input_msgs/control_input_msgs/msg
[2.320s] -- Installing: /tmp/unitree_plotjuggler_install/include/control_input_msgs/control_input_msgs/msg/rosidl_typesupport_fastrtps_cpp__visibility_control.h
[2.320s] -- Up-to-date: /tmp/unitree_plotjuggler_install/include/control_input_msgs/control_input_msgs/msg/detail
[2.321s] -- Installing: /tmp/unitree_plotjuggler_install/include/control_input_msgs/control_input_msgs/msg/detail/dds_fastrtps
[2.321s] -- Installing: /tmp/unitree_plotjuggler_install/include/control_input_msgs/control_input_msgs/msg/detail/inputs__rosidl_typesupport_fastrtps_cpp.hpp
[2.321s] -- Installing: /tmp/unitree_plotjuggler_install/lib/libcontrol_input_msgs__rosidl_typesupport_fastrtps_cpp.so
[2.321s] -- Set runtime path of "/tmp/unitree_plotjuggler_install/lib/libcontrol_input_msgs__rosidl_typesupport_fastrtps_cpp.so" to ""
[2.321s] -- Up-to-date: /tmp/unitree_plotjuggler_install/include/control_input_msgs/control_input_msgs
[2.321s] -- Up-to-date: /tmp/unitree_plotjuggler_install/include/control_input_msgs/control_input_msgs/msg
[2.321s] -- Up-to-date: /tmp/unitree_plotjuggler_install/include/control_input_msgs/control_input_msgs/msg/detail
[2.321s] -- Installing: /tmp/unitree_plotjuggler_install/include/control_input_msgs/control_input_msgs/msg/detail/inputs__type_support.cpp
[2.321s] -- Installing: /tmp/unitree_plotjuggler_install/include/control_input_msgs/control_input_msgs/msg/detail/inputs__rosidl_typesupport_introspection_cpp.hpp
[2.321s] -- Installing: /tmp/unitree_plotjuggler_install/lib/libcontrol_input_msgs__rosidl_typesupport_introspection_cpp.so
[2.321s] -- Set runtime path of "/tmp/unitree_plotjuggler_install/lib/libcontrol_input_msgs__rosidl_typesupport_introspection_cpp.so" to ""
[2.321s] -- Installing: /tmp/unitree_plotjuggler_install/lib/libcontrol_input_msgs__rosidl_typesupport_cpp.so
[2.321s] -- Set runtime path of "/tmp/unitree_plotjuggler_install/lib/libcontrol_input_msgs__rosidl_typesupport_cpp.so" to ""
[2.321s] -- Installing: /tmp/unitree_plotjuggler_install/share/control_input_msgs/environment/pythonpath.sh
[2.321s] -- Installing: /tmp/unitree_plotjuggler_install/share/control_input_msgs/environment/pythonpath.dsv
[2.321s] -- Installing: /tmp/unitree_plotjuggler_install/local/lib/python3.10/dist-packages/control_input_msgs-0.0.0-py3.10.egg-info
[2.321s] -- Installing: /tmp/unitree_plotjuggler_install/local/lib/python3.10/dist-packages/control_input_msgs-0.0.0-py3.10.egg-info/dependency_links.txt
[2.321s] -- Installing: /tmp/unitree_plotjuggler_install/local/lib/python3.10/dist-packages/control_input_msgs-0.0.0-py3.10.egg-info/PKG-INFO
[2.321s] -- Installing: /tmp/unitree_plotjuggler_install/local/lib/python3.10/dist-packages/control_input_msgs-0.0.0-py3.10.egg-info/top_level.txt
[2.321s] -- Installing: /tmp/unitree_plotjuggler_install/local/lib/python3.10/dist-packages/control_input_msgs-0.0.0-py3.10.egg-info/SOURCES.txt
[2.321s] -- Installing: /tmp/unitree_plotjuggler_install/local/lib/python3.10/dist-packages/control_input_msgs
[2.321s] -- Installing: /tmp/unitree_plotjuggler_install/local/lib/python3.10/dist-packages/control_input_msgs/control_input_msgs_s__rosidl_typesupport_introspection_c.cpython-310-x86_64-linux-gnu.so
[2.321s] -- Installing: /tmp/unitree_plotjuggler_install/local/lib/python3.10/dist-packages/control_input_msgs/control_input_msgs_s__rosidl_typesupport_c.cpython-310-x86_64-linux-gnu.so
[2.321s] -- Installing: /tmp/unitree_plotjuggler_install/local/lib/python3.10/dist-packages/control_input_msgs/control_input_msgs_s__rosidl_typesupport_fastrtps_c.cpython-310-x86_64-linux-gnu.so
[2.321s] -- Installing: /tmp/unitree_plotjuggler_install/local/lib/python3.10/dist-packages/control_input_msgs/libcontrol_input_msgs__rosidl_generator_py.so
[2.321s] -- Installing: /tmp/unitree_plotjuggler_install/local/lib/python3.10/dist-packages/control_input_msgs/_control_input_msgs_s.ep.rosidl_typesupport_introspection_c.c
[2.321s] -- Installing: /tmp/unitree_plotjuggler_install/local/lib/python3.10/dist-packages/control_input_msgs/_control_input_msgs_s.ep.rosidl_typesupport_fastrtps_c.c
[2.321s] -- Installing: /tmp/unitree_plotjuggler_install/local/lib/python3.10/dist-packages/control_input_msgs/msg
[2.321s] -- Installing: /tmp/unitree_plotjuggler_install/local/lib/python3.10/dist-packages/control_input_msgs/msg/_inputs_s.c
[2.321s] -- Installing: /tmp/unitree_plotjuggler_install/local/lib/python3.10/dist-packages/control_input_msgs/msg/__init__.py
[2.321s] -- Installing: /tmp/unitree_plotjuggler_install/local/lib/python3.10/dist-packages/control_input_msgs/msg/_inputs.py
[2.321s] -- Installing: /tmp/unitree_plotjuggler_install/local/lib/python3.10/dist-packages/control_input_msgs/__init__.py
[2.321s] -- Installing: /tmp/unitree_plotjuggler_install/local/lib/python3.10/dist-packages/control_input_msgs/_control_input_msgs_s.ep.rosidl_typesupport_c.c
[2.341s] Listing '/tmp/unitree_plotjuggler_install/local/lib/python3.10/dist-packages/control_input_msgs'...
[2.341s] Compiling '/tmp/unitree_plotjuggler_install/local/lib/python3.10/dist-packages/control_input_msgs/__init__.py'...
[2.341s] Listing '/tmp/unitree_plotjuggler_install/local/lib/python3.10/dist-packages/control_input_msgs/msg'...
[2.341s] Compiling '/tmp/unitree_plotjuggler_install/local/lib/python3.10/dist-packages/control_input_msgs/msg/__init__.py'...
[2.341s] Compiling '/tmp/unitree_plotjuggler_install/local/lib/python3.10/dist-packages/control_input_msgs/msg/_inputs.py'...
[2.344s] -- Installing: /tmp/unitree_plotjuggler_install/local/lib/python3.10/dist-packages/control_input_msgs/control_input_msgs_s__rosidl_typesupport_fastrtps_c.cpython-310-x86_64-linux-gnu.so
[2.345s] -- Set runtime path of "/tmp/unitree_plotjuggler_install/local/lib/python3.10/dist-packages/control_input_msgs/control_input_msgs_s__rosidl_typesupport_fastrtps_c.cpython-310-x86_64-linux-gnu.so" to ""
[2.345s] -- Installing: /tmp/unitree_plotjuggler_install/local/lib/python3.10/dist-packages/control_input_msgs/control_input_msgs_s__rosidl_typesupport_introspection_c.cpython-310-x86_64-linux-gnu.so
[2.345s] -- Set runtime path of "/tmp/unitree_plotjuggler_install/local/lib/python3.10/dist-packages/control_input_msgs/control_input_msgs_s__rosidl_typesupport_introspection_c.cpython-310-x86_64-linux-gnu.so" to ""
[2.345s] -- Installing: /tmp/unitree_plotjuggler_install/local/lib/python3.10/dist-packages/control_input_msgs/control_input_msgs_s__rosidl_typesupport_c.cpython-310-x86_64-linux-gnu.so
[2.345s] -- Set runtime path of "/tmp/unitree_plotjuggler_install/local/lib/python3.10/dist-packages/control_input_msgs/control_input_msgs_s__rosidl_typesupport_c.cpython-310-x86_64-linux-gnu.so" to ""
[2.345s] -- Installing: /tmp/unitree_plotjuggler_install/lib/libcontrol_input_msgs__rosidl_generator_py.so
[2.345s] -- Set runtime path of "/tmp/unitree_plotjuggler_install/lib/libcontrol_input_msgs__rosidl_generator_py.so" to ""
[2.345s] -- Installing: /tmp/unitree_plotjuggler_install/share/control_input_msgs/msg/Inputs.idl
[2.345s] -- Installing: /tmp/unitree_plotjuggler_install/share/control_input_msgs/msg/Inputs.msg
[2.345s] -- Installing: /tmp/unitree_plotjuggler_install/share/ament_index/resource_index/package_run_dependencies/control_input_msgs
[2.345s] -- Installing: /tmp/unitree_plotjuggler_install/share/ament_index/resource_index/parent_prefix_path/control_input_msgs
[2.346s] -- Installing: /tmp/unitree_plotjuggler_install/share/control_input_msgs/environment/ament_prefix_path.sh
[2.346s] -- Installing: /tmp/unitree_plotjuggler_install/share/control_input_msgs/environment/ament_prefix_path.dsv
[2.346s] -- Installing: /tmp/unitree_plotjuggler_install/share/control_input_msgs/environment/path.sh
[2.346s] -- Installing: /tmp/unitree_plotjuggler_install/share/control_input_msgs/environment/path.dsv
[2.346s] -- Installing: /tmp/unitree_plotjuggler_install/share/control_input_msgs/local_setup.bash
[2.346s] -- Installing: /tmp/unitree_plotjuggler_install/share/control_input_msgs/local_setup.sh
[2.346s] -- Installing: /tmp/unitree_plotjuggler_install/share/control_input_msgs/local_setup.zsh
[2.346s] -- Installing: /tmp/unitree_plotjuggler_install/share/control_input_msgs/local_setup.dsv
[2.346s] -- Installing: /tmp/unitree_plotjuggler_install/share/control_input_msgs/package.dsv
[2.346s] -- Installing: /tmp/unitree_plotjuggler_install/share/ament_index/resource_index/packages/control_input_msgs
[2.346s] -- Installing: /tmp/unitree_plotjuggler_install/share/control_input_msgs/cmake/export_control_input_msgs__rosidl_generator_cExport.cmake
[2.346s] -- Installing: /tmp/unitree_plotjuggler_install/share/control_input_msgs/cmake/export_control_input_msgs__rosidl_generator_cExport-noconfig.cmake
[2.346s] -- Installing: /tmp/unitree_plotjuggler_install/share/control_input_msgs/cmake/export_control_input_msgs__rosidl_typesupport_fastrtps_cExport.cmake
[2.347s] -- Installing: /tmp/unitree_plotjuggler_install/share/control_input_msgs/cmake/export_control_input_msgs__rosidl_typesupport_fastrtps_cExport-noconfig.cmake
[2.347s] -- Installing: /tmp/unitree_plotjuggler_install/share/control_input_msgs/cmake/control_input_msgs__rosidl_typesupport_introspection_cExport.cmake
[2.347s] -- Installing: /tmp/unitree_plotjuggler_install/share/control_input_msgs/cmake/control_input_msgs__rosidl_typesupport_introspection_cExport-noconfig.cmake
[2.347s] -- Installing: /tmp/unitree_plotjuggler_install/share/control_input_msgs/cmake/control_input_msgs__rosidl_typesupport_cExport.cmake
[2.347s] -- Installing: /tmp/unitree_plotjuggler_install/share/control_input_msgs/cmake/control_input_msgs__rosidl_typesupport_cExport-noconfig.cmake
[2.347s] -- Installing: /tmp/unitree_plotjuggler_install/share/control_input_msgs/cmake/export_control_input_msgs__rosidl_generator_cppExport.cmake
[2.347s] -- Installing: /tmp/unitree_plotjuggler_install/share/control_input_msgs/cmake/export_control_input_msgs__rosidl_typesupport_fastrtps_cppExport.cmake
[2.347s] -- Installing: /tmp/unitree_plotjuggler_install/share/control_input_msgs/cmake/export_control_input_msgs__rosidl_typesupport_fastrtps_cppExport-noconfig.cmake
[2.347s] -- Installing: /tmp/unitree_plotjuggler_install/share/control_input_msgs/cmake/control_input_msgs__rosidl_typesupport_introspection_cppExport.cmake
[2.347s] -- Installing: /tmp/unitree_plotjuggler_install/share/control_input_msgs/cmake/control_input_msgs__rosidl_typesupport_introspection_cppExport-noconfig.cmake
[2.347s] -- Installing: /tmp/unitree_plotjuggler_install/share/control_input_msgs/cmake/control_input_msgs__rosidl_typesupport_cppExport.cmake
[2.347s] -- Installing: /tmp/unitree_plotjuggler_install/share/control_input_msgs/cmake/control_input_msgs__rosidl_typesupport_cppExport-noconfig.cmake
[2.348s] -- Installing: /tmp/unitree_plotjuggler_install/share/control_input_msgs/cmake/export_control_input_msgs__rosidl_generator_pyExport.cmake
[2.348s] -- Installing: /tmp/unitree_plotjuggler_install/share/control_input_msgs/cmake/export_control_input_msgs__rosidl_generator_pyExport-noconfig.cmake
[2.348s] -- Installing: /tmp/unitree_plotjuggler_install/share/control_input_msgs/cmake/rosidl_cmake-extras.cmake
[2.348s] -- Installing: /tmp/unitree_plotjuggler_install/share/control_input_msgs/cmake/ament_cmake_export_include_directories-extras.cmake
[2.348s] -- Installing: /tmp/unitree_plotjuggler_install/share/control_input_msgs/cmake/ament_cmake_export_libraries-extras.cmake
[2.348s] -- Installing: /tmp/unitree_plotjuggler_install/share/control_input_msgs/cmake/ament_cmake_export_targets-extras.cmake
[2.348s] -- Installing: /tmp/unitree_plotjuggler_install/share/control_input_msgs/cmake/rosidl_cmake_export_typesupport_targets-extras.cmake
[2.348s] -- Installing: /tmp/unitree_plotjuggler_install/share/control_input_msgs/cmake/ament_cmake_export_dependencies-extras.cmake
[2.348s] -- Installing: /tmp/unitree_plotjuggler_install/share/control_input_msgs/cmake/rosidl_cmake_export_typesupport_libraries-extras.cmake
[2.348s] -- Installing: /tmp/unitree_plotjuggler_install/share/control_input_msgs/cmake/control_input_msgsConfig.cmake
[2.348s] -- Installing: /tmp/unitree_plotjuggler_install/share/control_input_msgs/cmake/control_input_msgsConfig-version.cmake
[2.348s] -- Installing: /tmp/unitree_plotjuggler_install/share/control_input_msgs/package.xml
[2.350s] Invoked command in '/tmp/unitree_plotjuggler_build/control_input_msgs' returned '0': CMAKE_PREFIX_PATH=${CMAKE_PREFIX_PATH}:/opt/ros/humble /usr/bin/cmake --install /tmp/unitree_plotjuggler_build/control_input_msgs
